<?xml version="1.0" encoding="UTF-8"?>
<!-- Generated by org.testng.reporters.JUnitXMLReporter -->
<testsuite hostname="Kaushiks-MacBook-Pro.local" name="Default test" tests="3" failures="0" timestamp="12 Jun 2019 04:18:21 GMT" time="0.061" errors="0">
  <testcase name="launchWebSite_TestNG" time="0.01" classname="com.application.utils.TestNG_Test_Class"/>
  <testcase name="enterCredentials_TestNG" time="0.002" classname="com.application.utils.TestNG_Test_Class"/>
  <testcase name="clickContinue_TestNG" time="0.002" classname="com.application.utils.TestNG_Test_Class"/>
</testsuite> <!-- Default test -->
