<?xml version="1.0" encoding="UTF-8"?>
<!-- Generated by org.testng.reporters.JUnitXMLReporter -->
<testsuite hostname="Kaushiks-MacBook-Pro.local" name="Login" tests="1" failures="0" timestamp="12 Jun 2019 04:56:58 GMT" time="0.298" errors="0">
  <testcase name="@BeforeClass setUP" time="0.0" classname="com.runnerclass.TestNG_Cucumber_Runner">
    <failure type="java.lang.NoSuchMethodError" message="cucumber.runtime.Runtime.getEventBus()Lcucumber/runner/EventBus;">
      <![CDATA[java.lang.NoSuchMethodError: cucumber.runtime.Runtime.getEventBus()Lcucumber/runner/EventBus;
	at cucumber.api.testng.TestNGCucumberRunner.<init>(TestNGCucumberRunner.java:51)
	at com.runnerclass.TestNG_Cucumber_Runner.setUP(TestNG_Cucumber_Runner.java:33)
... Removed 24 stack frames]]>
    </failure>
  </testcase> <!-- @BeforeClass setUP -->
  <testcase name="@AfterClass tearDown" time="0.0" classname="com.runnerclass.TestNG_Cucumber_Runner">
    <skipped/>
  </testcase> <!-- @AfterClass tearDown -->
  <testcase name="login" time="0.0" classname="com.runnerclass.TestNG_Cucumber_Runner">
    <skipped/>
  </testcase> <!-- login -->
</testsuite> <!-- Login -->
